<?xml version="1.0" encoding="UTF-8"?>
<!-- Generated by org.testng.reporters.JUnitReportReporter -->
<testsuite skipped="0" hostname="ant-login8.linux.crg.es" name="com.github.lindenb.jvarkit.tools.bam2svg.BamToSVGTest" tests="1" failures="0" timestamp="13 Jan 2020 13:36:02 GMT" time="0.938" errors="0">
  <testcase name="test01" time="0.938" classname="com.github.lindenb.jvarkit.tools.bam2svg.BamToSVGTest"/>
</testsuite> <!-- com.github.lindenb.jvarkit.tools.bam2svg.BamToSVGTest -->
