<?xml version="1.0" encoding="UTF-8"?>
<!-- Generated by org.testng.reporters.JUnitReportReporter -->
<testsuite skipped="0" hostname="ant-login8.linux.crg.es" name="com.github.lindenb.jvarkit.tools.vcftrios.DeNovoDetectorTest" tests="5" failures="0" timestamp="13 Nov 2019 10:23:41 GMT" time="0.010" errors="0">
  <testcase name="test01" time="0.008" classname="com.github.lindenb.jvarkit.tools.vcftrios.DeNovoDetectorTest"/>
  <testcase name="test03" time="0.000" classname="com.github.lindenb.jvarkit.tools.vcftrios.DeNovoDetectorTest"/>
  <testcase name="test02" time="0.001" classname="com.github.lindenb.jvarkit.tools.vcftrios.DeNovoDetectorTest"/>
  <testcase name="test04" time="0.000" classname="com.github.lindenb.jvarkit.tools.vcftrios.DeNovoDetectorTest"/>
  <testcase name="test05" time="0.001" classname="com.github.lindenb.jvarkit.tools.vcftrios.DeNovoDetectorTest"/>
</testsuite> <!-- com.github.lindenb.jvarkit.tools.vcftrios.DeNovoDetectorTest -->
