<?xml version="1.0" encoding="UTF-8"?>
<!-- Generated by org.testng.reporters.JUnitReportReporter -->
<testsuite skipped="0" hostname="ant-login8.linux.crg.es" name="com.github.lindenb.jvarkit.util.samtools.ContigDictComparatorTest" tests="3" failures="0" timestamp="13 Nov 2019 10:23:40 GMT" time="0.015" errors="0">
  <testcase name="test" time="0.005" classname="com.github.lindenb.jvarkit.util.samtools.ContigDictComparatorTest"/>
  <testcase name="test" time="0.003" classname="com.github.lindenb.jvarkit.util.samtools.ContigDictComparatorTest"/>
  <testcase name="test" time="0.007" classname="com.github.lindenb.jvarkit.util.samtools.ContigDictComparatorTest"/>
</testsuite> <!-- com.github.lindenb.jvarkit.util.samtools.ContigDictComparatorTest -->
