<?xml version="1.0" encoding="UTF-8"?>
<!-- Generated by org.testng.reporters.JUnitReportReporter -->
<testsuite skipped="0" hostname="ant-login8.linux.crg.es" name="com.github.lindenb.jvarkit.util.iterator.MergingIteratorTest" tests="3" failures="0" timestamp="13 Nov 2019 10:23:40 GMT" time="0.006" errors="0">
  <testcase name="test3" time="0.000" classname="com.github.lindenb.jvarkit.util.iterator.MergingIteratorTest"/>
  <testcase name="test2" time="0.000" classname="com.github.lindenb.jvarkit.util.iterator.MergingIteratorTest"/>
  <testcase name="test1" time="0.006" classname="com.github.lindenb.jvarkit.util.iterator.MergingIteratorTest"/>
</testsuite> <!-- com.github.lindenb.jvarkit.util.iterator.MergingIteratorTest -->
