<?xml version="1.0" encoding="UTF-8"?>
<!-- Generated by org.testng.reporters.JUnitReportReporter -->
<testsuite skipped="0" hostname="ant-login8.linux.crg.es" name="com.github.lindenb.jvarkit.lang.CharSplitterTest" tests="13" failures="0" timestamp="13 Nov 2019 10:23:40 GMT" time="0.002" errors="0">
  <testcase name="testStringList01" time="0.000" classname="com.github.lindenb.jvarkit.lang.CharSplitterTest"/>
  <testcase name="testSequenceList01" time="0.000" classname="com.github.lindenb.jvarkit.lang.CharSplitterTest"/>
  <testcase name="testCharSequenceIterator" time="0.002" classname="com.github.lindenb.jvarkit.lang.CharSplitterTest"/>
  <testcase name="testStringArray02" time="0.000" classname="com.github.lindenb.jvarkit.lang.CharSplitterTest"/>
  <testcase name="testStringList02" time="0.000" classname="com.github.lindenb.jvarkit.lang.CharSplitterTest"/>
  <testcase name="testCount" time="0.000" classname="com.github.lindenb.jvarkit.lang.CharSplitterTest"/>
  <testcase name="testSequenceList02" time="0.000" classname="com.github.lindenb.jvarkit.lang.CharSplitterTest"/>
  <testcase name="testStringArray01" time="0.000" classname="com.github.lindenb.jvarkit.lang.CharSplitterTest"/>
  <testcase name="testSequenceList03" time="0.000" classname="com.github.lindenb.jvarkit.lang.CharSplitterTest"/>
  <testcase name="testStringIterator" time="0.000" classname="com.github.lindenb.jvarkit.lang.CharSplitterTest"/>
  <testcase name="testStringStream" time="0.000" classname="com.github.lindenb.jvarkit.lang.CharSplitterTest"/>
  <testcase name="testStringList03" time="0.000" classname="com.github.lindenb.jvarkit.lang.CharSplitterTest"/>
  <testcase name="testStringArray03" time="0.000" classname="com.github.lindenb.jvarkit.lang.CharSplitterTest"/>
</testsuite> <!-- com.github.lindenb.jvarkit.lang.CharSplitterTest -->
