<?xml version="1.0" encoding="UTF-8"?>
<!-- Generated by org.testng.reporters.JUnitReportReporter -->
<testsuite skipped="0" hostname="ant-login8.linux.crg.es" name="com.github.lindenb.jvarkit.util.iterator.LineIteratorTest" tests="3" failures="0" timestamp="13 Nov 2019 10:23:41 GMT" time="0.002" errors="0">
  <testcase name="testList" time="0.000" classname="com.github.lindenb.jvarkit.util.iterator.LineIteratorTest"/>
  <testcase name="testArray" time="0.001" classname="com.github.lindenb.jvarkit.util.iterator.LineIteratorTest"/>
  <testcase name="testReader" time="0.001" classname="com.github.lindenb.jvarkit.util.iterator.LineIteratorTest"/>
</testsuite> <!-- com.github.lindenb.jvarkit.util.iterator.LineIteratorTest -->
