<?xml version="1.0" encoding="UTF-8"?>
<!-- Generated by org.testng.reporters.JUnitReportReporter -->
<testsuite skipped="0" hostname="ant-login8.linux.crg.es" name="com.github.lindenb.jvarkit.util.bio.fasta.ContigNameConverterTest" tests="1" failures="0" timestamp="13 Nov 2019 10:23:40 GMT" time="0.003" errors="0">
  <testcase name="testFromOneDictionary" time="0.003" classname="com.github.lindenb.jvarkit.util.bio.fasta.ContigNameConverterTest"/>
</testsuite> <!-- com.github.lindenb.jvarkit.util.bio.fasta.ContigNameConverterTest -->
