<?xml version="1.0" encoding="UTF-8"?>
<!-- Generated by org.testng.reporters.JUnitReportReporter -->
<testsuite skipped="0" hostname="ant-login8.linux.crg.es" name="com.github.lindenb.jvarkit.lang.AbstractCharSequenceTest" tests="1" failures="0" timestamp="13 Nov 2019 10:23:41 GMT" time="0.000" errors="0">
  <testcase name="testCharSeq" time="0.000" classname="com.github.lindenb.jvarkit.lang.AbstractCharSequenceTest"/>
</testsuite> <!-- com.github.lindenb.jvarkit.lang.AbstractCharSequenceTest -->
