<?xml version="1.0" encoding="UTF-8"?>
<!-- Generated by org.testng.reporters.JUnitReportReporter -->
<testsuite skipped="0" hostname="ant-login8.linux.crg.es" name="com.github.lindenb.jvarkit.tools.sam2tsv.Sam2TsvTest" tests="2" failures="0" timestamp="13 Nov 2019 10:23:40 GMT" time="0.946" errors="0">
  <testcase name="test01" time="0.129" classname="com.github.lindenb.jvarkit.tools.sam2tsv.Sam2TsvTest"/>
  <testcase name="test01" time="0.817" classname="com.github.lindenb.jvarkit.tools.sam2tsv.Sam2TsvTest"/>
</testsuite> <!-- com.github.lindenb.jvarkit.tools.sam2tsv.Sam2TsvTest -->
