<?xml version="1.0" encoding="UTF-8"?>
<!-- Generated by org.testng.reporters.JUnitReportReporter -->
<testsuite skipped="0" hostname="ant-login8.linux.crg.es" name="com.github.lindenb.jvarkit.util.vcf.VCFUtilsTest" tests="4" failures="0" timestamp="13 Nov 2019 10:23:41 GMT" time="0.007" errors="0">
  <testcase name="testIsAVcf" time="0.002" classname="com.github.lindenb.jvarkit.util.vcf.VCFUtilsTest"/>
  <testcase name="test02" time="0.001" classname="com.github.lindenb.jvarkit.util.vcf.VCFUtilsTest"/>
  <testcase name="test01" time="0.004" classname="com.github.lindenb.jvarkit.util.vcf.VCFUtilsTest"/>
  <testcase name="test03" time="0.000" classname="com.github.lindenb.jvarkit.util.vcf.VCFUtilsTest"/>
</testsuite> <!-- com.github.lindenb.jvarkit.util.vcf.VCFUtilsTest -->
