<?xml version="1.0" encoding="UTF-8"?>
<!-- Generated by org.testng.reporters.JUnitReportReporter -->
<testsuite skipped="0" hostname="ant-login8.linux.crg.es" name="com.github.lindenb.jvarkit.util.vcf.AFExtractorFactoryTest" tests="14" failures="0" timestamp="13 Nov 2019 10:23:41 GMT" time="0.189" errors="0">
  <testcase name="test01" time="0.000" classname="com.github.lindenb.jvarkit.util.vcf.AFExtractorFactoryTest"/>
  <testcase name="testValid" time="0.101" classname="com.github.lindenb.jvarkit.util.vcf.AFExtractorFactoryTest"/>
  <testcase name="testValid" time="0.015" classname="com.github.lindenb.jvarkit.util.vcf.AFExtractorFactoryTest"/>
  <testcase name="testValid" time="0.017" classname="com.github.lindenb.jvarkit.util.vcf.AFExtractorFactoryTest"/>
  <testcase name="test01" time="0.000" classname="com.github.lindenb.jvarkit.util.vcf.AFExtractorFactoryTest"/>
  <testcase name="test01" time="0.008" classname="com.github.lindenb.jvarkit.util.vcf.AFExtractorFactoryTest"/>
  <testcase name="test01" time="0.000" classname="com.github.lindenb.jvarkit.util.vcf.AFExtractorFactoryTest"/>
  <testcase name="test01" time="0.000" classname="com.github.lindenb.jvarkit.util.vcf.AFExtractorFactoryTest"/>
  <testcase name="testValid" time="0.010" classname="com.github.lindenb.jvarkit.util.vcf.AFExtractorFactoryTest"/>
  <testcase name="testValid" time="0.008" classname="com.github.lindenb.jvarkit.util.vcf.AFExtractorFactoryTest"/>
  <testcase name="test01" time="0.001" classname="com.github.lindenb.jvarkit.util.vcf.AFExtractorFactoryTest"/>
  <testcase name="test01" time="0.000" classname="com.github.lindenb.jvarkit.util.vcf.AFExtractorFactoryTest"/>
  <testcase name="testValid" time="0.010" classname="com.github.lindenb.jvarkit.util.vcf.AFExtractorFactoryTest"/>
  <testcase name="testValid" time="0.019" classname="com.github.lindenb.jvarkit.util.vcf.AFExtractorFactoryTest"/>
</testsuite> <!-- com.github.lindenb.jvarkit.util.vcf.AFExtractorFactoryTest -->
