<?xml version="1.0" encoding="UTF-8"?>
<!-- Generated by org.testng.reporters.JUnitReportReporter -->
<testsuite skipped="0" hostname="ant-login8.linux.crg.es" name="com.github.lindenb.jvarkit.lang.SmartComparatorTest" tests="10" failures="0" timestamp="13 Nov 2019 10:23:40 GMT" time="0.004" errors="0">
  <testcase name="testLT" time="0.000" classname="com.github.lindenb.jvarkit.lang.SmartComparatorTest"/>
  <testcase name="testEQ" time="0.003" classname="com.github.lindenb.jvarkit.lang.SmartComparatorTest"/>
  <testcase name="testGE" time="0.000" classname="com.github.lindenb.jvarkit.lang.SmartComparatorTest"/>
  <testcase name="testLT" time="0.000" classname="com.github.lindenb.jvarkit.lang.SmartComparatorTest"/>
  <testcase name="testLT" time="0.000" classname="com.github.lindenb.jvarkit.lang.SmartComparatorTest"/>
  <testcase name="testGE" time="0.000" classname="com.github.lindenb.jvarkit.lang.SmartComparatorTest"/>
  <testcase name="testGE" time="0.000" classname="com.github.lindenb.jvarkit.lang.SmartComparatorTest"/>
  <testcase name="testEQ" time="0.000" classname="com.github.lindenb.jvarkit.lang.SmartComparatorTest"/>
  <testcase name="testLT" time="0.000" classname="com.github.lindenb.jvarkit.lang.SmartComparatorTest"/>
  <testcase name="testGE" time="0.001" classname="com.github.lindenb.jvarkit.lang.SmartComparatorTest"/>
</testsuite> <!-- com.github.lindenb.jvarkit.lang.SmartComparatorTest -->
