<?xml version="1.0" encoding="UTF-8"?>
<!-- Generated by org.testng.reporters.JUnitReportReporter -->
<testsuite skipped="0" hostname="ant-login8.linux.crg.es" name="com.github.lindenb.jvarkit.util.iterator.EqualRangeIteratorTest" tests="4" failures="0" timestamp="13 Nov 2019 10:23:40 GMT" time="0.005" errors="0">
  <testcase name="testNextTarget" time="0.001" classname="com.github.lindenb.jvarkit.util.iterator.EqualRangeIteratorTest"/>
  <testcase name="test1" time="0.003" classname="com.github.lindenb.jvarkit.util.iterator.EqualRangeIteratorTest"/>
  <testcase name="test3" time="0.000" classname="com.github.lindenb.jvarkit.util.iterator.EqualRangeIteratorTest"/>
  <testcase name="test2" time="0.001" classname="com.github.lindenb.jvarkit.util.iterator.EqualRangeIteratorTest"/>
</testsuite> <!-- com.github.lindenb.jvarkit.util.iterator.EqualRangeIteratorTest -->
