<?xml version="1.0" encoding="UTF-8"?>
<!-- Generated by org.testng.reporters.JUnitReportReporter -->
<testsuite skipped="0" hostname="ant-login8.linux.crg.es" name="com.github.lindenb.jvarkit.io.IOUtilsTest" tests="5" failures="0" timestamp="13 Nov 2019 10:23:40 GMT" time="0.863" errors="0">
  <testcase name="testRemoteInputStream" time="0.565" classname="com.github.lindenb.jvarkit.io.IOUtilsTest"/>
  <testcase name="testWrite" time="0.050" classname="com.github.lindenb.jvarkit.io.IOUtilsTest"/>
  <testcase name="testFileSuffix" time="0.001" classname="com.github.lindenb.jvarkit.io.IOUtilsTest"/>
  <testcase name="testRemoteReader" time="0.238" classname="com.github.lindenb.jvarkit.io.IOUtilsTest"/>
  <testcase name="testCompressed" time="0.009" classname="com.github.lindenb.jvarkit.io.IOUtilsTest"/>
</testsuite> <!-- com.github.lindenb.jvarkit.io.IOUtilsTest -->
