<?xml version="1.0" encoding="UTF-8"?>
<!-- Generated by org.testng.reporters.JUnitReportReporter -->
<testsuite skipped="0" hostname="ant-login8.linux.crg.es" name="com.github.lindenb.jvarkit.samtools.util.IntervalParserFactoryTest" tests="4" failures="0" timestamp="13 Nov 2019 10:23:40 GMT" time="0.034" errors="0">
  <testcase name="withoutDict" time="0.000" classname="com.github.lindenb.jvarkit.samtools.util.IntervalParserFactoryTest"/>
  <testcase name="withComma" time="0.003" classname="com.github.lindenb.jvarkit.samtools.util.IntervalParserFactoryTest"/>
  <testcase name="wholeContig" time="0.029" classname="com.github.lindenb.jvarkit.samtools.util.IntervalParserFactoryTest"/>
  <testcase name="withDict" time="0.002" classname="com.github.lindenb.jvarkit.samtools.util.IntervalParserFactoryTest"/>
</testsuite> <!-- com.github.lindenb.jvarkit.samtools.util.IntervalParserFactoryTest -->
