<?xml version="1.0" encoding="UTF-8"?>
<!-- Generated by org.testng.reporters.JUnitReportReporter -->
<testsuite skipped="0" hostname="ant-login8.linux.crg.es" name="com.github.lindenb.jvarkit.util.log.ProgressFactoryTest" tests="11" failures="0" timestamp="13 Nov 2019 10:23:40 GMT" time="0.365" errors="0">
  <testcase name="testBam01" time="0.136" classname="com.github.lindenb.jvarkit.util.log.ProgressFactoryTest"/>
  <testcase name="testBam01" time="0.026" classname="com.github.lindenb.jvarkit.util.log.ProgressFactoryTest"/>
  <testcase name="testBam01" time="0.018" classname="com.github.lindenb.jvarkit.util.log.ProgressFactoryTest"/>
  <testcase name="test01" time="0.047" classname="com.github.lindenb.jvarkit.util.log.ProgressFactoryTest"/>
  <testcase name="testBam01" time="0.040" classname="com.github.lindenb.jvarkit.util.log.ProgressFactoryTest"/>
  <testcase name="testBam01" time="0.020" classname="com.github.lindenb.jvarkit.util.log.ProgressFactoryTest"/>
  <testcase name="testBam01" time="0.023" classname="com.github.lindenb.jvarkit.util.log.ProgressFactoryTest"/>
  <testcase name="test02" time="0.009" classname="com.github.lindenb.jvarkit.util.log.ProgressFactoryTest"/>
  <testcase name="testBam01" time="0.034" classname="com.github.lindenb.jvarkit.util.log.ProgressFactoryTest"/>
  <testcase name="testBam01" time="0.006" classname="com.github.lindenb.jvarkit.util.log.ProgressFactoryTest"/>
  <testcase name="testBam01" time="0.006" classname="com.github.lindenb.jvarkit.util.log.ProgressFactoryTest"/>
</testsuite> <!-- com.github.lindenb.jvarkit.util.log.ProgressFactoryTest -->
