<?xml version="1.0" encoding="UTF-8"?>
<!-- Generated by org.testng.reporters.JUnitReportReporter -->
<testsuite skipped="0" hostname="ant-login8.linux.crg.es" name="com.github.lindenb.jvarkit.tools.bam2graphics.Bam2RasterTest" tests="6" failures="0" timestamp="13 Jan 2020 12:06:43 GMT" time="5.279" errors="0">
  <testcase name="testZip" time="0.337" classname="com.github.lindenb.jvarkit.tools.bam2graphics.Bam2RasterTest"/>
  <testcase name="test01" time="0.502" classname="com.github.lindenb.jvarkit.tools.bam2graphics.Bam2RasterTest"/>
  <testcase name="testZip" time="1.233" classname="com.github.lindenb.jvarkit.tools.bam2graphics.Bam2RasterTest"/>
  <testcase name="testZip" time="0.318" classname="com.github.lindenb.jvarkit.tools.bam2graphics.Bam2RasterTest"/>
  <testcase name="test01" time="2.633" classname="com.github.lindenb.jvarkit.tools.bam2graphics.Bam2RasterTest"/>
  <testcase name="test01" time="0.256" classname="com.github.lindenb.jvarkit.tools.bam2graphics.Bam2RasterTest"/>
</testsuite> <!-- com.github.lindenb.jvarkit.tools.bam2graphics.Bam2RasterTest -->
